[debug] [2025-05-22T01:18:48.302Z] ----------------------------------------------------------------------
[debug] [2025-05-22T01:18:48.307Z] Command:       C:\Coisas\Softwares\nodejs\node.exe C:\Users\p4tit\AppData\Roaming\npm\node_modules\firebase-tools\lib\bin\firebase.js emulators:start
[debug] [2025-05-22T01:18:48.308Z] CLI Version:   14.4.0
[debug] [2025-05-22T01:18:48.308Z] Platform:      win32
[debug] [2025-05-22T01:18:48.309Z] Node Version:  v22.15.0
[debug] [2025-05-22T01:18:48.309Z] Time:          Wed May 21 2025 22:18:48 GMT-0300 (Horário Padrão de Brasília)
[debug] [2025-05-22T01:18:48.309Z] ----------------------------------------------------------------------
[debug] 
[debug] [2025-05-22T01:18:48.598Z] > command requires scopes: ["email","openid","https://www.googleapis.com/auth/cloudplatformprojects.readonly","https://www.googleapis.com/auth/firebase","https://www.googleapis.com/auth/cloud-platform"]
[debug] [2025-05-22T01:18:48.598Z] > authorizing via signed-in user (vslima.2003@gmail.com)
[info] i  emulators: Starting emulators: functions, extensions {"metadata":{"emulator":{"name":"hub"},"message":"Starting emulators: functions, extensions"}}
[debug] [2025-05-22T01:18:48.603Z] Checked if tokens are valid: true, expires at: 1747878618612
[debug] [2025-05-22T01:18:48.603Z] Checked if tokens are valid: true, expires at: 1747878618612
[debug] [2025-05-22T01:18:48.604Z] >>> [apiv2][query] GET https://serviceusage.googleapis.com/v1/projects/unplayed-steam-roulette/services/cloudresourcemanager.googleapis.com [none]
[debug] [2025-05-22T01:18:48.604Z] >>> [apiv2][(partial)header] GET https://serviceusage.googleapis.com/v1/projects/unplayed-steam-roulette/services/cloudresourcemanager.googleapis.com x-goog-quota-user=projects/unplayed-steam-roulette
[debug] [2025-05-22T01:18:49.754Z] <<< [apiv2][status] GET https://serviceusage.googleapis.com/v1/projects/unplayed-steam-roulette/services/cloudresourcemanager.googleapis.com 200
[debug] [2025-05-22T01:18:49.754Z] <<< [apiv2][body] GET https://serviceusage.googleapis.com/v1/projects/unplayed-steam-roulette/services/cloudresourcemanager.googleapis.com [omitted]
[debug] [2025-05-22T01:18:49.755Z] Checked if tokens are valid: true, expires at: 1747878618612
[debug] [2025-05-22T01:18:49.755Z] Checked if tokens are valid: true, expires at: 1747878618612
[debug] [2025-05-22T01:18:49.755Z] >>> [apiv2][query] GET https://cloudresourcemanager.googleapis.com/v1/projects/unplayed-steam-roulette [none]
[debug] [2025-05-22T01:18:50.700Z] <<< [apiv2][status] GET https://cloudresourcemanager.googleapis.com/v1/projects/unplayed-steam-roulette 200
[debug] [2025-05-22T01:18:50.701Z] <<< [apiv2][body] GET https://cloudresourcemanager.googleapis.com/v1/projects/unplayed-steam-roulette {"projectNumber":"45166329132","projectId":"unplayed-steam-roulette","lifecycleState":"ACTIVE","name":"unplayed roulette","labels":{"firebase":"enabled","firebase-core":"disabled"},"createTime":"2025-05-21T23:49:39.739181Z"}
[debug] [2025-05-22T01:18:50.709Z] [logging] Logging Emulator only supports listening on one address (127.0.0.1). Not listening on ::1
[debug] [2025-05-22T01:18:50.709Z] assigned listening specs for emulators {"user":{"hub":[{"address":"127.0.0.1","family":"IPv4","port":4400},{"address":"::1","family":"IPv6","port":4400}],"ui":[{"address":"127.0.0.1","family":"IPv4","port":4000},{"address":"::1","family":"IPv6","port":4000}],"logging":[{"address":"127.0.0.1","family":"IPv4","port":4500}]},"metadata":{"message":"assigned listening specs for emulators"}}
[debug] [2025-05-22T01:18:50.714Z] [hub] writing locator at C:\Users\p4tit\AppData\Local\Temp\hub-unplayed-steam-roulette.json
[debug] [2025-05-22T01:18:50.724Z] [Extensions] Started Extensions emulator, this is a noop.
[debug] [2025-05-22T01:18:50.729Z] [functions] Functions Emulator only supports listening on one address (127.0.0.1). Not listening on ::1
[debug] [2025-05-22T01:18:50.729Z] [eventarc] Eventarc Emulator only supports listening on one address (127.0.0.1). Not listening on ::1
[debug] [2025-05-22T01:18:50.729Z] [tasks] Cloud Tasks Emulator only supports listening on one address (127.0.0.1). Not listening on ::1
[debug] [2025-05-22T01:18:50.729Z] late-assigned ports for functions and eventarc emulators {"user":{"hub":[{"address":"127.0.0.1","family":"IPv4","port":4400},{"address":"::1","family":"IPv6","port":4400}],"ui":[{"address":"127.0.0.1","family":"IPv4","port":4000},{"address":"::1","family":"IPv6","port":4000}],"logging":[{"address":"127.0.0.1","family":"IPv4","port":4500}],"functions":[{"address":"127.0.0.1","family":"IPv4","port":5001}],"eventarc":[{"address":"127.0.0.1","family":"IPv4","port":9299}],"tasks":[{"address":"127.0.0.1","family":"IPv4","port":9499}]},"metadata":{"message":"late-assigned ports for functions and eventarc emulators"}}
[warn] !  functions: The following emulators are not running, calls to these services from the Functions emulator will affect production: apphosting, auth, firestore, database, hosting, pubsub, storage, dataconnect {"metadata":{"emulator":{"name":"functions"},"message":"The following emulators are not running, calls to these services from the Functions emulator will affect production: \u001b[1mapphosting, auth, firestore, database, hosting, pubsub, storage, dataconnect\u001b[22m"}}
[debug] [2025-05-22T01:18:50.755Z] defaultcredentials: writing to file C:\Users\p4tit\AppData\Roaming\firebase\vslima_2003_gmail.com_application_default_credentials.json
[debug] [2025-05-22T01:18:50.757Z] Setting GAC to C:\Users\p4tit\AppData\Roaming\firebase\vslima_2003_gmail.com_application_default_credentials.json {"metadata":{"emulator":{"name":"functions"},"message":"Setting GAC to C:\\Users\\p4tit\\AppData\\Roaming\\firebase\\vslima_2003_gmail.com_application_default_credentials.json"}}
[debug] [2025-05-22T01:18:50.757Z] Checked if tokens are valid: true, expires at: 1747878618612
[debug] [2025-05-22T01:18:50.757Z] Checked if tokens are valid: true, expires at: 1747878618612
[debug] [2025-05-22T01:18:50.757Z] >>> [apiv2][query] GET https://firebase.googleapis.com/v1beta1/projects/unplayed-steam-roulette/adminSdkConfig [none]
[debug] [2025-05-22T01:18:51.235Z] <<< [apiv2][status] GET https://firebase.googleapis.com/v1beta1/projects/unplayed-steam-roulette/adminSdkConfig 200
[debug] [2025-05-22T01:18:51.236Z] <<< [apiv2][body] GET https://firebase.googleapis.com/v1beta1/projects/unplayed-steam-roulette/adminSdkConfig {"projectId":"unplayed-steam-roulette","storageBucket":"unplayed-steam-roulette.firebasestorage.app"}
[debug] [2025-05-22T01:18:51.260Z] [Extensions] Connecting Extensions emulator, this is a noop.
[info] i  functions: Watching "C:\Coisas\Projetos\Pessoal\unplayed-wheel\functions" for Cloud Functions... {"metadata":{"emulator":{"name":"functions"},"message":"Watching \"C:\\Coisas\\Projetos\\Pessoal\\unplayed-wheel\\functions\" for Cloud Functions..."}}
[debug] [2025-05-22T01:18:51.268Z] Validating nodejs source
[debug] [2025-05-22T01:18:52.807Z] > [functions] package.json contents: {
  "name": "functions",
  "scripts": {
    "lint": "eslint --ext .js,.ts .",
    "build": "tsc",
    "build:watch": "tsc --watch",
    "serve": "npm run build && firebase emulators:start --only functions",
    "shell": "npm run build && firebase functions:shell",
    "start": "npm run shell",
    "deploy": "firebase deploy --only functions",
    "logs": "firebase functions:log"
  },
  "engines": {
    "node": "22"
  },
  "main": "lib/index.js",
  "dependencies": {
    "dotenv": "^16.5.0",
    "firebase-admin": "^12.6.0",
    "firebase-functions": "^6.0.1",
    "functions": "file:"
  },
  "devDependencies": {
    "@typescript-eslint/eslint-plugin": "^5.12.0",
    "@typescript-eslint/parser": "^5.12.0",
    "eslint": "^8.9.0",
    "eslint-config-google": "^0.14.0",
    "eslint-plugin-import": "^2.25.4",
    "firebase-functions-test": "^3.1.0",
    "typescript": "^4.9.0"
  },
  "private": true
}
[debug] [2025-05-22T01:18:52.808Z] Building nodejs source
[debug] [2025-05-22T01:18:52.808Z] Failed to find version of module node: reached end of search path C:\Coisas\Projetos\Pessoal\unplayed-wheel\functions\node_modules
[info] +  functions: Using node@22 from host. 
[info] i  functions: Loaded environment variables from .env. 
[debug] [2025-05-22T01:18:52.812Z] Could not find functions.yaml. Must use http discovery
[debug] [2025-05-22T01:18:52.827Z] Found firebase-functions binary at 'C:\Coisas\Projetos\Pessoal\unplayed-wheel\functions\node_modules\.bin\firebase-functions'
[info] Serving at port 8281

[debug] [2025-05-22T01:18:54.045Z] Got response from /__/functions.yaml {"endpoints":{"corsProxy":{"availableMemoryMb":null,"timeoutSeconds":null,"minInstances":null,"maxInstances":null,"ingressSettings":null,"concurrency":null,"serviceAccountEmail":null,"vpc":null,"platform":"gcfv2","labels":{},"httpsTrigger":{},"entryPoint":"corsProxy"}},"specVersion":"v1alpha1","requiredAPIs":[],"extensions":{}}
[debug] [2025-05-22T01:18:57.711Z] [work-queue] {"queuedWork":["/unplayed-steam-roulette/us-central1/corsProxy-2025-05-22T01:18:57.711Z"],"queueLength":1,"runningWork":[],"workRunningCount":0}
[debug] [2025-05-22T01:18:57.712Z] [work-queue] {"queuedWork":[],"queueLength":0,"runningWork":["/unplayed-steam-roulette/us-central1/corsProxy-2025-05-22T01:18:57.711Z"],"workRunningCount":1}
[debug] [2025-05-22T01:18:57.715Z] [work-queue] {"queuedWork":[],"queueLength":0,"runningWork":[],"workRunningCount":0}
[debug] [2025-05-22T01:18:58.087Z] defaultcredentials: writing to file C:\Users\p4tit\AppData\Roaming\firebase\vslima_2003_gmail.com_application_default_credentials.json
[debug] [2025-05-22T01:18:58.088Z] Setting GAC to C:\Users\p4tit\AppData\Roaming\firebase\vslima_2003_gmail.com_application_default_credentials.json {"metadata":{"emulator":{"name":"functions"},"message":"Setting GAC to C:\\Users\\p4tit\\AppData\\Roaming\\firebase\\vslima_2003_gmail.com_application_default_credentials.json"}}
[info] +  functions: Loaded functions definitions from source: corsProxy. {"metadata":{"emulator":{"name":"functions"},"message":"Loaded functions definitions from source: corsProxy."}}
[info] +  functions[us-central1-corsProxy]: http function initialized (http://127.0.0.1:5001/unplayed-steam-roulette/us-central1/corsProxy). {"metadata":{"emulator":{"name":"functions"},"message":"\u001b[1mhttp\u001b[22m function initialized (http://127.0.0.1:5001/unplayed-steam-roulette/us-central1/corsProxy)."}}
[debug] [2025-05-22T01:18:58.100Z] Could not find VSCode notification endpoint: FetchError: request to http://localhost:40001/vscode/notify failed, reason: . If you are not running the Firebase Data Connect VSCode extension, this is expected and not an issue.
[info] 
┌─────────────────────────────────────────────────────────────┐
│ ✔  All emulators ready! It is now safe to connect your app. │
│ i  View Emulator UI at http://127.0.0.1:4000/               │
└─────────────────────────────────────────────────────────────┘

┌────────────┬────────────────┬──────────────────────────────────┐
│ Emulator   │ Host:Port      │ View in Emulator UI              │
├────────────┼────────────────┼──────────────────────────────────┤
│ Functions  │ 127.0.0.1:5001 │ http://127.0.0.1:4000/functions  │
├────────────┼────────────────┼──────────────────────────────────┤
│ Extensions │ 127.0.0.1:5001 │ http://127.0.0.1:4000/extensions │
└────────────┴────────────────┴──────────────────────────────────┘
  Emulator Hub host: 127.0.0.1 port: 4400
  Other reserved ports: 4500
┌─────────────────────────┬───────────────┬─────────────────────┐
│ Extension Instance Name │ Extension Ref │ View in Emulator UI │
└─────────────────────────┴───────────────┴─────────────────────┘
Issues? Report them at https://github.com/firebase/firebase-tools/issues and attach the *-debug.log files.
 
[debug] [2025-05-22T01:19:03.741Z] [work-queue] {"queuedWork":["/unplayed-steam-roulette/us-central1/corsProxy-2025-05-22T01:19:03.741Z"],"queueLength":1,"runningWork":[],"workRunningCount":0}
[debug] [2025-05-22T01:19:03.741Z] [work-queue] {"queuedWork":[],"queueLength":0,"runningWork":["/unplayed-steam-roulette/us-central1/corsProxy-2025-05-22T01:19:03.741Z"],"workRunningCount":1}
[debug] [2025-05-22T01:19:03.741Z] Accepted request GET /unplayed-steam-roulette/us-central1/corsProxy?steamid=76561198201274371 --> us-central1-corsProxy
[debug] [2025-05-22T01:19:03.744Z] [functions] Runtime ready! Sending request! {"metadata":{"emulator":{"name":"functions"},"message":"[functions] Runtime ready! Sending request!"}}
[debug] [2025-05-22T01:19:03.744Z] [functions] Got req.url=/unplayed-steam-roulette/us-central1/corsProxy?steamid=76561198201274371, mapping to path=/?steamid=76561198201274371 {"metadata":{"emulator":{"name":"functions"},"message":"[functions] Got req.url=/unplayed-steam-roulette/us-central1/corsProxy?steamid=76561198201274371, mapping to path=/?steamid=76561198201274371"}}
[info] i  functions: Loaded environment variables from .env. 
[debug] [2025-05-22T01:19:03.770Z] [worker-pool] addWorker(us-central1-corsProxy) {"metadata":{"emulator":{"name":"functions"},"message":"[worker-pool] addWorker(us-central1-corsProxy)"}}
[debug] [2025-05-22T01:19:03.771Z] [worker-pool] Adding worker with key us-central1-corsProxy, total=1 {"metadata":{"emulator":{"name":"functions"},"message":"[worker-pool] Adding worker with key us-central1-corsProxy, total=1"}}
[debug] [2025-05-22T01:19:05.482Z] [runtime-status] [36584] Resolved module firebase-admin {"declared":true,"installed":true,"version":"12.7.0","resolution":"C:\\Coisas\\Projetos\\Pessoal\\unplayed-wheel\\functions\\node_modules\\firebase-admin\\lib\\index.js"} {"metadata":{"emulator":{"name":"functions"},"function":{"name":"us-central1-corsProxy"},"extension":{},"message":"[runtime-status] [36584] Resolved module firebase-admin {\"declared\":true,\"installed\":true,\"version\":\"12.7.0\",\"resolution\":\"C:\\\\Coisas\\\\Projetos\\\\Pessoal\\\\unplayed-wheel\\\\functions\\\\node_modules\\\\firebase-admin\\\\lib\\\\index.js\"}"}}
[debug] [2025-05-22T01:19:05.483Z] [runtime-status] [36584] Resolved module firebase-functions {"declared":true,"installed":true,"version":"6.3.2","resolution":"C:\\Coisas\\Projetos\\Pessoal\\unplayed-wheel\\functions\\node_modules\\firebase-functions\\lib\\v2\\index.js"} {"metadata":{"emulator":{"name":"functions"},"function":{"name":"us-central1-corsProxy"},"extension":{},"message":"[runtime-status] [36584] Resolved module firebase-functions {\"declared\":true,\"installed\":true,\"version\":\"6.3.2\",\"resolution\":\"C:\\\\Coisas\\\\Projetos\\\\Pessoal\\\\unplayed-wheel\\\\functions\\\\node_modules\\\\firebase-functions\\\\lib\\\\v2\\\\index.js\"}"}}
[debug] [2025-05-22T01:19:05.483Z] [runtime-status] [36584] Outgoing network have been stubbed. [{"name":"http","status":"mocked"},{"name":"http","status":"mocked"},{"name":"https","status":"mocked"},{"name":"https","status":"mocked"},{"name":"net","status":"mocked"}] {"metadata":{"emulator":{"name":"functions"},"function":{"name":"us-central1-corsProxy"},"extension":{},"message":"[runtime-status] [36584] Outgoing network have been stubbed. [{\"name\":\"http\",\"status\":\"mocked\"},{\"name\":\"http\",\"status\":\"mocked\"},{\"name\":\"https\",\"status\":\"mocked\"},{\"name\":\"https\",\"status\":\"mocked\"},{\"name\":\"net\",\"status\":\"mocked\"}]"}}
[debug] [2025-05-22T01:19:05.484Z] [runtime-status] [36584] Resolved module firebase-functions {"declared":true,"installed":true,"version":"6.3.2","resolution":"C:\\Coisas\\Projetos\\Pessoal\\unplayed-wheel\\functions\\node_modules\\firebase-functions\\lib\\v2\\index.js"} {"metadata":{"emulator":{"name":"functions"},"function":{"name":"us-central1-corsProxy"},"extension":{},"message":"[runtime-status] [36584] Resolved module firebase-functions {\"declared\":true,\"installed\":true,\"version\":\"6.3.2\",\"resolution\":\"C:\\\\Coisas\\\\Projetos\\\\Pessoal\\\\unplayed-wheel\\\\functions\\\\node_modules\\\\firebase-functions\\\\lib\\\\v2\\\\index.js\"}"}}
[debug] [2025-05-22T01:19:06.381Z] [runtime-status] [36584] Checked functions.config() {"config":{}} {"metadata":{"emulator":{"name":"functions"},"function":{"name":"us-central1-corsProxy"},"extension":{},"message":"[runtime-status] [36584] Checked functions.config() {\"config\":{}}"}}
[debug] [2025-05-22T01:19:06.382Z] [runtime-status] [36584] firebase-functions has been stubbed. {"functionsResolution":{"declared":true,"installed":true,"version":"6.3.2","resolution":"C:\\Coisas\\Projetos\\Pessoal\\unplayed-wheel\\functions\\node_modules\\firebase-functions\\lib\\v2\\index.js"}} {"metadata":{"emulator":{"name":"functions"},"function":{"name":"us-central1-corsProxy"},"extension":{},"message":"[runtime-status] [36584] firebase-functions has been stubbed. {\"functionsResolution\":{\"declared\":true,\"installed\":true,\"version\":\"6.3.2\",\"resolution\":\"C:\\\\Coisas\\\\Projetos\\\\Pessoal\\\\unplayed-wheel\\\\functions\\\\node_modules\\\\firebase-functions\\\\lib\\\\v2\\\\index.js\"}}"}}
[debug] [2025-05-22T01:19:06.383Z] [runtime-status] [36584] Resolved module firebase-functions {"declared":true,"installed":true,"version":"6.3.2","resolution":"C:\\Coisas\\Projetos\\Pessoal\\unplayed-wheel\\functions\\node_modules\\firebase-functions\\lib\\v2\\index.js"} {"metadata":{"emulator":{"name":"functions"},"function":{"name":"us-central1-corsProxy"},"extension":{},"message":"[runtime-status] [36584] Resolved module firebase-functions {\"declared\":true,\"installed\":true,\"version\":\"6.3.2\",\"resolution\":\"C:\\\\Coisas\\\\Projetos\\\\Pessoal\\\\unplayed-wheel\\\\functions\\\\node_modules\\\\firebase-functions\\\\lib\\\\v2\\\\index.js\"}"}}
[debug] [2025-05-22T01:19:06.401Z] [runtime-status] [36584] Resolved module firebase-admin {"declared":true,"installed":true,"version":"12.7.0","resolution":"C:\\Coisas\\Projetos\\Pessoal\\unplayed-wheel\\functions\\node_modules\\firebase-admin\\lib\\index.js"} {"metadata":{"emulator":{"name":"functions"},"function":{"name":"us-central1-corsProxy"},"extension":{},"message":"[runtime-status] [36584] Resolved module firebase-admin {\"declared\":true,\"installed\":true,\"version\":\"12.7.0\",\"resolution\":\"C:\\\\Coisas\\\\Projetos\\\\Pessoal\\\\unplayed-wheel\\\\functions\\\\node_modules\\\\firebase-admin\\\\lib\\\\index.js\"}"}}
[debug] [2025-05-22T01:19:06.408Z] [runtime-status] [36584] Resolved module firebase-functions {"declared":true,"installed":true,"version":"6.3.2","resolution":"C:\\Coisas\\Projetos\\Pessoal\\unplayed-wheel\\functions\\node_modules\\firebase-functions\\lib\\v2\\index.js"} {"metadata":{"emulator":{"name":"functions"},"function":{"name":"us-central1-corsProxy"},"extension":{},"message":"[runtime-status] [36584] Resolved module firebase-functions {\"declared\":true,\"installed\":true,\"version\":\"6.3.2\",\"resolution\":\"C:\\\\Coisas\\\\Projetos\\\\Pessoal\\\\unplayed-wheel\\\\functions\\\\node_modules\\\\firebase-functions\\\\lib\\\\v2\\\\index.js\"}"}}
[debug] [2025-05-22T01:19:06.409Z] [runtime-status] [36584] firebase-admin has been stubbed. {"adminResolution":{"declared":true,"installed":true,"version":"12.7.0","resolution":"C:\\Coisas\\Projetos\\Pessoal\\unplayed-wheel\\functions\\node_modules\\firebase-admin\\lib\\index.js"}} {"metadata":{"emulator":{"name":"functions"},"function":{"name":"us-central1-corsProxy"},"extension":{},"message":"[runtime-status] [36584] firebase-admin has been stubbed. {\"adminResolution\":{\"declared\":true,\"installed\":true,\"version\":\"12.7.0\",\"resolution\":\"C:\\\\Coisas\\\\Projetos\\\\Pessoal\\\\unplayed-wheel\\\\functions\\\\node_modules\\\\firebase-admin\\\\lib\\\\index.js\"}}"}}
[debug] [2025-05-22T01:19:06.525Z] [runtime-status] [36584] Functions runtime initialized. {"cwd":"C:\\Coisas\\Projetos\\Pessoal\\unplayed-wheel\\functions","node_version":"22.15.0"} {"metadata":{"emulator":{"name":"functions"},"function":{"name":"us-central1-corsProxy"},"extension":{},"message":"[runtime-status] [36584] Functions runtime initialized. {\"cwd\":\"C:\\\\Coisas\\\\Projetos\\\\Pessoal\\\\unplayed-wheel\\\\functions\",\"node_version\":\"22.15.0\"}"}}
[debug] [2025-05-22T01:19:06.525Z] [runtime-status] [36584] Listening to port: \\?\pipe\fire_emu_49b9655169d34b53 {"metadata":{"emulator":{"name":"functions"},"function":{"name":"us-central1-corsProxy"},"extension":{},"message":"[runtime-status] [36584] Listening to port: \\\\?\\pipe\\fire_emu_49b9655169d34b53"}}
[debug] [2025-05-22T01:19:06.611Z] [worker-us-central1-corsProxy-3b1c78e2-df58-4921-96fd-e0fa705a1539]: IDLE {"metadata":{"emulator":{"name":"functions"},"function":{"name":"us-central1-corsProxy"},"extension":{},"message":"[worker-us-central1-corsProxy-3b1c78e2-df58-4921-96fd-e0fa705a1539]: IDLE"}}
[debug] [2025-05-22T01:19:06.612Z] [worker-pool] submitRequest(triggerId=us-central1-corsProxy) {"metadata":{"emulator":{"name":"functions"},"message":"[worker-pool] submitRequest(triggerId=us-central1-corsProxy)"}}
[info] i  functions: Beginning execution of "us-central1-corsProxy" {"metadata":{"emulator":{"name":"functions"},"function":{"name":"us-central1-corsProxy"},"extension":{},"message":"Beginning execution of \"us-central1-corsProxy\""}}
[debug] [2025-05-22T01:19:06.613Z] [worker-us-central1-corsProxy-3b1c78e2-df58-4921-96fd-e0fa705a1539]: BUSY {"metadata":{"emulator":{"name":"functions"},"function":{"name":"us-central1-corsProxy"},"extension":{},"message":"[worker-us-central1-corsProxy-3b1c78e2-df58-4921-96fd-e0fa705a1539]: BUSY"}}
[debug] [2025-05-22T01:19:06.946Z] Finishing up request with event=pause {"metadata":{"emulator":{"name":"functions"},"function":{"name":"us-central1-corsProxy"},"extension":{},"message":"Finishing up request with event=pause"}}
[info] i  functions: Finished "us-central1-corsProxy" in 333.973ms {"metadata":{"emulator":{"name":"functions"},"function":{"name":"us-central1-corsProxy"},"extension":{},"message":"Finished \"us-central1-corsProxy\" in 333.973ms"}}
[debug] [2025-05-22T01:19:06.948Z] [worker-us-central1-corsProxy-3b1c78e2-df58-4921-96fd-e0fa705a1539]: IDLE {"metadata":{"emulator":{"name":"functions"},"function":{"name":"us-central1-corsProxy"},"extension":{},"message":"[worker-us-central1-corsProxy-3b1c78e2-df58-4921-96fd-e0fa705a1539]: IDLE"}}
[debug] [2025-05-22T01:19:06.948Z] Finishing up request with event=finish {"metadata":{"emulator":{"name":"functions"},"function":{"name":"us-central1-corsProxy"},"extension":{},"message":"Finishing up request with event=finish"}}
[debug] [2025-05-22T01:19:06.948Z] Finishing up request with event=close {"metadata":{"emulator":{"name":"functions"},"function":{"name":"us-central1-corsProxy"},"extension":{},"message":"Finishing up request with event=close"}}
[debug] [2025-05-22T01:19:06.949Z] [work-queue] {"queuedWork":[],"queueLength":0,"runningWork":[],"workRunningCount":0}
[debug] [2025-05-22T01:19:07.042Z] Functions emulator received unknown request at path /favicon.ico
[debug] [2025-05-22T01:19:10.835Z] [work-queue] {"queuedWork":["/unplayed-steam-roulette/us-central1/corsProxy-2025-05-22T01:19:10.835Z"],"queueLength":1,"runningWork":[],"workRunningCount":0}
[debug] [2025-05-22T01:19:10.836Z] [work-queue] {"queuedWork":[],"queueLength":0,"runningWork":["/unplayed-steam-roulette/us-central1/corsProxy-2025-05-22T01:19:10.835Z"],"workRunningCount":1}
[debug] [2025-05-22T01:19:10.836Z] Accepted request GET /unplayed-steam-roulette/us-central1/corsProxy?steamid=76561198201274371 --> us-central1-corsProxy
[debug] [2025-05-22T01:19:10.839Z] [functions] Runtime ready! Sending request! {"metadata":{"emulator":{"name":"functions"},"message":"[functions] Runtime ready! Sending request!"}}
[debug] [2025-05-22T01:19:10.840Z] [functions] Got req.url=/unplayed-steam-roulette/us-central1/corsProxy?steamid=76561198201274371, mapping to path=/?steamid=76561198201274371 {"metadata":{"emulator":{"name":"functions"},"message":"[functions] Got req.url=/unplayed-steam-roulette/us-central1/corsProxy?steamid=76561198201274371, mapping to path=/?steamid=76561198201274371"}}
[debug] [2025-05-22T01:19:10.840Z] [worker-pool] submitRequest(triggerId=us-central1-corsProxy) {"metadata":{"emulator":{"name":"functions"},"message":"[worker-pool] submitRequest(triggerId=us-central1-corsProxy)"}}
[info] i  functions: Beginning execution of "us-central1-corsProxy" {"metadata":{"emulator":{"name":"functions"},"function":{"name":"us-central1-corsProxy"},"extension":{},"message":"Beginning execution of \"us-central1-corsProxy\""}}
[debug] [2025-05-22T01:19:10.840Z] [worker-us-central1-corsProxy-3b1c78e2-df58-4921-96fd-e0fa705a1539]: BUSY {"metadata":{"emulator":{"name":"functions"},"function":{"name":"us-central1-corsProxy"},"extension":{},"message":"[worker-us-central1-corsProxy-3b1c78e2-df58-4921-96fd-e0fa705a1539]: BUSY"}}
[debug] [2025-05-22T01:19:11.227Z] Finishing up request with event=pause {"metadata":{"emulator":{"name":"functions"},"function":{"name":"us-central1-corsProxy"},"extension":{},"message":"Finishing up request with event=pause"}}
[info] i  functions: Finished "us-central1-corsProxy" in 387.3447ms {"metadata":{"emulator":{"name":"functions"},"function":{"name":"us-central1-corsProxy"},"extension":{},"message":"Finished \"us-central1-corsProxy\" in 387.3447ms"}}
[debug] [2025-05-22T01:19:11.229Z] [worker-us-central1-corsProxy-3b1c78e2-df58-4921-96fd-e0fa705a1539]: IDLE {"metadata":{"emulator":{"name":"functions"},"function":{"name":"us-central1-corsProxy"},"extension":{},"message":"[worker-us-central1-corsProxy-3b1c78e2-df58-4921-96fd-e0fa705a1539]: IDLE"}}
[debug] [2025-05-22T01:19:11.230Z] [work-queue] {"queuedWork":[],"queueLength":0,"runningWork":[],"workRunningCount":0}
[debug] [2025-05-22T01:19:11.230Z] Finishing up request with event=pause {"metadata":{"emulator":{"name":"functions"},"function":{"name":"us-central1-corsProxy"},"extension":{},"message":"Finishing up request with event=pause"}}
[debug] [2025-05-22T01:19:11.231Z] Finishing up request with event=finish {"metadata":{"emulator":{"name":"functions"},"function":{"name":"us-central1-corsProxy"},"extension":{},"message":"Finishing up request with event=finish"}}
[debug] [2025-05-22T01:19:11.231Z] Finishing up request with event=close {"metadata":{"emulator":{"name":"functions"},"function":{"name":"us-central1-corsProxy"},"extension":{},"message":"Finishing up request with event=close"}}
